<?xml version="1.0" encoding="UTF-8"?>
<testng-results ignored="0" total="1" passed="1" failed="0" skipped="0">
  <reporter-output>
  </reporter-output>
  <suite started-at="2025-10-09T21:51:41 IST" name="Default suite" finished-at="2025-10-09T21:51:41 IST" duration-ms="56">
    <groups>
    </groups>
    <test started-at="2025-10-09T21:51:41 IST" name="Default test" finished-at="2025-10-09T21:51:41 IST" duration-ms="56">
      <class name="CucumberTestcases.Testcases">
        <test-method signature="f()[pri:0, instance:CucumberTestcases.Testcases@2abf4075]" started-at="2025-10-09T21:51:41 IST" name="f" finished-at="2025-10-09T21:51:41 IST" duration-ms="9" status="PASS">
          <reporter-output>
          </reporter-output>
        </test-method> <!-- f -->
      </class> <!-- CucumberTestcases.Testcases -->
    </test> <!-- Default test -->
  </suite> <!-- Default suite -->
</testng-results>
